[istinyepark.top/index.html]
[telegram.org/js/telegram-web-app.js]
[s1.kwai.net/kos/s101/nlav11187/pixel/events.js]
[s16-11187.ap4r.com/kos/s101/nlav11187/pixel/events.js]
[connect.facebook.net/en_US/fbevents.js]
[analytics.tiktok.com/i18n/pixel/events.js]
[static.ads-twitter.com/uwt.js]
[istinyepark.top/manifest.json]
[istinyepark.top/assets/index-2b17e6e7.js]
[backblue.gif]
[fade.gif]
[index.html]
[istinyepark.top/assets/index-2181c27d.css]
[istinyepark.top/index.html]
[istinyepark.top/cdn-cgi/challenge-platform/h/g/scripts/jsd/f3b948d8acb8/maind41d.js]
[istinyepark.top/a.html]
[istinyepark.top/POST.html]
[istinyepark.top/b.html]
[istinyepark.top/schema.org/index.html]
[connect.facebook.net/en_US/fbevents.js]
[istinyepark.top/assets/index-2181c27d.css]
[istinyepark.top/a.html]
[istinyepark.top/POST.html]
[istinyepark.top/schema.org/index.html]
[istinyepark.top/b.html]
[istinyepark.top/signals/iwl.html]
[istinyepark.top/signals/iwl.html]
